TN:
SF:src/auth.ts
FN:18,toUser
FN:22,currentUser
FN:27,onAuthChange
FN:35,signUp
FN:42,signIn
FN:47,signOut
FN:52,sendReset
FN:58,mapAuthError
FNF:8
FNH:3
FNDA:0,toUser
FNDA:1,currentUser
FNDA:1,onAuthChange
FNDA:0,signUp
FNDA:0,signIn
FNDA:0,signOut
FNDA:0,sendReset
FNDA:6,mapAuthError
DA:1,1
DA:18,0
DA:19,0
DA:20,0
DA:22,1
DA:23,1
DA:24,1
DA:27,1
DA:28,1
DA:29,1
DA:30,1
DA:31,1
DA:32,0
DA:33,0
DA:35,0
DA:36,0
DA:37,0
DA:39,0
DA:40,0
DA:42,0
DA:43,0
DA:44,0
DA:45,0
DA:47,0
DA:48,0
DA:49,0
DA:50,0
DA:52,0
DA:53,0
DA:54,0
DA:55,0
DA:58,1
DA:59,6
DA:60,6
DA:61,0
DA:62,6
DA:63,6
DA:64,6
DA:65,3
DA:66,6
DA:67,1
DA:68,6
DA:69,1
DA:70,6
DA:71,0
DA:72,6
DA:73,0
DA:74,6
DA:75,0
DA:76,6
DA:77,1
DA:78,6
DA:79,6
LF:53
LH:27
BRDA:22,0,0,1
BRDA:23,1,0,0
BRDA:27,2,0,1
BRDA:31,3,0,0
BRDA:30,4,0,1
BRDA:58,5,0,6
BRDA:60,6,0,0
BRDA:62,7,0,1
BRDA:63,8,0,2
BRDA:64,9,0,3
BRDA:66,10,0,1
BRDA:68,11,0,1
BRDA:70,12,0,0
BRDA:72,13,0,0
BRDA:74,14,0,0
BRDA:76,15,0,1
BRF:16
BRH:10
end_of_record
TN:
SF:src/components/AuthSheet.tsx
FN:21,AuthSheet
FN:44,go
FN:50,submit
FN:101,onChange
FN:113,onClick
FN:126,onChange
FN:131,onClick
FN:165,onClick
FN:173,onClick
FN:179,onClick
FNF:10
FNH:1
FNDA:6,AuthSheet
FNDA:0,go
FNDA:0,submit
FNDA:0,onChange
FNDA:0,onClick
FNDA:0,onChange
FNDA:0,onClick
FNDA:0,onClick
FNDA:0,onClick
FNDA:0,onClick
DA:1,1
DA:14,1
DA:15,1
DA:16,1
DA:17,1
DA:18,1
DA:21,1
DA:22,6
DA:23,6
DA:24,6
DA:25,6
DA:26,6
DA:27,6
DA:28,6
DA:29,6
DA:31,6
DA:32,3
DA:33,0
DA:34,0
DA:35,0
DA:36,0
DA:37,0
DA:38,0
DA:39,0
DA:40,0
DA:41,0
DA:42,6
DA:44,6
DA:45,0
DA:46,0
DA:47,0
DA:48,0
DA:50,6
DA:51,0
DA:52,0
DA:53,0
DA:54,0
DA:55,0
DA:56,0
DA:57,0
DA:58,0
DA:59,0
DA:60,0
DA:61,0
DA:62,0
DA:63,0
DA:64,0
DA:65,0
DA:66,0
DA:67,0
DA:68,0
DA:69,0
DA:70,0
DA:71,0
DA:72,0
DA:73,0
DA:75,6
DA:76,6
DA:77,6
DA:79,6
DA:80,6
DA:81,6
DA:82,6
DA:83,6
DA:84,1
DA:85,5
DA:86,6
DA:88,6
DA:89,6
DA:90,6
DA:91,6
DA:92,6
DA:93,6
DA:94,6
DA:95,6
DA:96,6
DA:97,6
DA:98,6
DA:99,6
DA:100,6
DA:101,6
DA:102,6
DA:103,6
DA:105,6
DA:106,5
DA:107,5
DA:108,5
DA:109,5
DA:110,4
DA:111,4
DA:112,4
DA:113,4
DA:114,4
DA:116,4
DA:118,5
DA:119,5
DA:120,5
DA:121,5
DA:122,5
DA:123,5
DA:124,5
DA:125,5
DA:126,5
DA:127,5
DA:128,5
DA:129,5
DA:130,5
DA:131,5
DA:132,5
DA:134,5
DA:135,5
DA:136,5
DA:137,5
DA:138,1
DA:140,1
DA:142,5
DA:145,6
DA:146,0
DA:147,0
DA:148,0
DA:150,6
DA:151,0
DA:152,0
DA:153,0
DA:156,6
DA:157,6
DA:158,6
DA:159,6
DA:161,6
DA:162,6
DA:163,4
DA:164,4
DA:165,4
DA:167,4
DA:168,4
DA:170,6
DA:171,1
DA:172,1
DA:173,1
DA:175,1
DA:176,1
DA:178,6
DA:179,1
DA:181,1
DA:183,6
DA:184,6
DA:186,6
LF:147
LH:105
BRDA:21,0,0,6
BRDA:77,1,0,0
BRDA:83,2,0,1
BRDA:84,3,0,5
BRDA:105,4,0,5
BRDA:109,5,0,4
BRDA:122,6,0,0
BRDA:123,7,0,1
BRDA:123,8,0,4
BRDA:124,9,0,1
BRDA:124,10,0,4
BRDA:132,11,0,0
BRDA:134,12,0,0
BRDA:137,13,0,1
BRDA:145,14,0,0
BRDA:150,15,0,0
BRDA:157,16,0,0
BRDA:162,17,0,4
BRDA:170,18,0,1
BRDA:178,19,0,1
BRDA:31,20,0,3
BRDA:32,21,0,0
BRF:22
BRH:14
end_of_record
TN:
SF:src/components/ConfirmSheet.tsx
FN:13,ConfirmSheet
FNF:1
FNH:1
FNDA:82,ConfirmSheet
DA:1,1
DA:13,1
DA:14,82
DA:15,82
DA:16,82
DA:17,82
DA:18,82
DA:19,82
DA:20,82
DA:21,82
DA:22,82
DA:23,82
DA:24,82
DA:25,82
DA:26,82
DA:27,82
DA:29,82
DA:31,82
DA:32,82
DA:33,82
DA:34,82
DA:35,82
DA:36,82
DA:38,82
LF:24
LH:24
BRDA:13,0,0,82
BRDA:24,1,0,78
BRF:2
BRH:2
end_of_record
TN:
SF:src/components/JoinSheet.tsx
FN:16,parseCode
FN:25,JoinSheet
FN:39,submit
FN:60,onChange
FNF:4
FNH:4
FNDA:21,parseCode
FNDA:18,JoinSheet
FNDA:1,submit
FNDA:12,onChange
DA:1,1
DA:16,1
DA:17,21
DA:18,21
DA:19,21
DA:20,21
DA:21,21
DA:22,21
DA:25,1
DA:26,18
DA:27,18
DA:30,18
DA:31,4
DA:32,3
DA:33,3
DA:34,3
DA:35,18
DA:37,18
DA:39,18
DA:40,1
DA:41,1
DA:42,1
DA:44,18
DA:45,18
DA:46,18
DA:47,18
DA:49,18
DA:50,18
DA:51,18
DA:52,18
DA:53,18
DA:54,18
DA:55,18
DA:56,18
DA:57,18
DA:58,18
DA:59,18
DA:60,18
DA:61,18
DA:62,18
DA:64,18
DA:65,18
DA:66,18
DA:68,18
LF:44
LH:44
BRDA:16,0,0,21
BRDA:17,1,0,4
BRDA:21,2,0,4
BRDA:21,3,0,17
BRDA:25,4,0,18
BRDA:30,5,0,4
BRDA:31,6,0,1
BRDA:31,7,0,3
BRDA:34,8,0,3
BRDA:39,9,0,1
BRDA:60,10,0,12
BRF:11
BRH:11
end_of_record
TN:
SF:src/components/PrintMenu.tsx
FN:10,PrintMenu
FN:16,onPointerDown
FN:24,clear
FN:30,printQuestions
FN:35,printTalonger
FN:41,printQr
FN:51,onClick
FNF:7
FNH:6
FNDA:34,PrintMenu
FNDA:3,onPointerDown
FNDA:0,clear
FNDA:1,printQuestions
FNDA:1,printTalonger
FNDA:1,printQr
FNDA:8,onClick
DA:1,1
DA:10,1
DA:11,34
DA:12,34
DA:14,34
DA:15,33
DA:16,8
DA:17,3
DA:18,3
DA:19,8
DA:20,8
DA:21,34
DA:23,34
DA:24,22
DA:25,0
DA:26,22
DA:27,22
DA:28,34
DA:30,34
DA:31,1
DA:32,1
DA:33,1
DA:35,34
DA:36,1
DA:37,1
DA:38,1
DA:39,1
DA:41,34
DA:42,1
DA:43,1
DA:44,1
DA:45,1
DA:47,34
DA:48,34
DA:49,34
DA:50,34
DA:51,34
DA:52,34
DA:53,34
DA:55,34
DA:56,34
DA:57,34
DA:58,8
DA:59,8
DA:60,6
DA:62,6
DA:64,8
DA:65,6
DA:67,6
DA:69,8
DA:71,8
DA:72,8
DA:74,34
DA:76,34
LF:54
LH:53
BRDA:10,0,0,34
BRDA:57,1,0,8
BRDA:59,2,0,6
BRDA:64,3,0,6
BRDA:14,4,0,33
BRDA:15,5,0,25
BRDA:15,6,0,8
BRDA:16,7,0,3
BRDA:17,8,0,0
BRDA:20,9,0,8
BRDA:23,10,0,22
BRDA:27,11,0,22
BRDA:30,12,0,1
BRDA:35,13,0,1
BRDA:41,14,0,1
BRDA:51,15,0,8
BRDA:51,16,0,8
BRF:17
BRH:16
end_of_record
TN:
SF:src/components/PrintSheets.tsx
FN:7,PrintSheets
FNF:1
FNH:1
FNDA:19,PrintSheets
DA:1,1
DA:7,1
DA:9,19
DA:10,19
DA:11,19
DA:12,19
DA:14,19
DA:15,19
DA:16,19
DA:17,18
DA:18,18
DA:19,18
DA:20,18
DA:21,18
DA:22,18
DA:23,18
DA:24,18
DA:25,54
DA:26,54
DA:27,54
DA:28,54
DA:29,18
DA:30,18
DA:31,18
DA:32,18
DA:33,19
DA:34,19
DA:36,19
LF:28
LH:28
BRDA:7,0,0,19
BRDA:11,1,0,8
BRDA:16,2,0,18
BRDA:22,3,0,0
BRDA:24,4,0,54
BRF:5
BRH:4
end_of_record
TN:
SF:src/components/QrPoster.tsx
FN:11,QrPoster
FNF:1
FNH:1
FNDA:22,QrPoster
DA:1,1
DA:11,1
DA:12,22
DA:13,22
DA:15,22
DA:16,22
DA:17,22
DA:18,22
DA:19,22
DA:20,22
DA:21,22
DA:22,22
DA:23,22
DA:24,22
DA:25,22
DA:26,22
DA:27,22
DA:28,22
DA:29,22
DA:30,22
DA:31,22
DA:32,22
DA:33,22
DA:34,22
DA:36,22
LF:25
LH:25
BRDA:11,0,0,22
BRDA:18,1,0,1
BRF:2
BRH:2
end_of_record
TN:
SF:src/components/Sheet.tsx
FN:12,Sheet
FN:35,onKey
FN:42,onPointerDown
FN:46,onPointerMove
FN:50,onPointerUp
FN:62,onTransitionEnd
FN:68,onClick
FNF:7
FNH:3
FNDA:198,Sheet
FNDA:13,onKey
FNDA:0,onPointerDown
FNDA:0,onPointerMove
FNDA:0,onPointerUp
FNDA:0,onTransitionEnd
FNDA:11,onClick
DA:1,1
DA:12,1
DA:13,198
DA:17,198
DA:18,198
DA:19,198
DA:21,198
DA:22,63
DA:23,16
DA:24,16
DA:25,16
DA:26,10
DA:27,16
DA:28,16
DA:29,16
DA:30,47
DA:31,198
DA:33,198
DA:34,142
DA:35,16
DA:36,16
DA:37,16
DA:38,198
DA:40,198
DA:42,44
DA:43,0
DA:44,0
DA:45,0
DA:46,44
DA:47,0
DA:48,0
DA:49,0
DA:50,44
DA:51,0
DA:52,0
DA:53,0
DA:54,0
DA:55,0
DA:57,44
DA:58,44
DA:59,44
DA:60,44
DA:61,44
DA:62,44
DA:64,44
DA:65,44
DA:66,44
DA:67,198
DA:68,198
DA:70,198
DA:71,198
DA:72,198
DA:73,198
DA:74,198
DA:75,198
DA:76,198
DA:77,198
DA:78,198
DA:79,198
DA:80,198
DA:81,198
DA:83,198
LF:62
LH:51
BRDA:12,0,0,198
BRDA:40,1,0,153
BRDA:40,2,0,195
BRDA:40,3,0,44
BRDA:67,4,0,0
BRDA:67,5,0,44
BRDA:21,6,0,63
BRDA:22,7,0,16
BRDA:29,8,0,47
BRDA:25,9,0,10
BRDA:26,10,0,9
BRDA:28,11,0,16
BRDA:33,12,0,142
BRDA:34,13,0,126
BRDA:34,14,0,16
BRDA:35,15,0,13
BRDA:35,16,0,1
BRDA:37,17,0,16
BRDA:68,18,0,11
BRF:19
BRH:18
end_of_record
TN:
SF:src/components/Shell.tsx
FN:7,Shell
FN:33,onClick
FN:38,onClick
FN:54,onClose
FNF:4
FNH:1
FNDA:3,Shell
FNDA:0,onClick
FNDA:0,onClick
FNDA:0,onClose
DA:1,1
DA:7,1
DA:8,3
DA:9,3
DA:10,3
DA:14,3
DA:15,3
DA:16,3
DA:18,3
DA:19,3
DA:20,3
DA:21,3
DA:22,3
DA:24,3
DA:25,3
DA:26,3
DA:27,3
DA:28,3
DA:29,1
DA:30,1
DA:31,1
DA:32,1
DA:33,1
DA:35,1
DA:36,1
DA:38,2
DA:40,2
DA:42,3
DA:43,3
DA:44,3
DA:45,3
DA:46,3
DA:47,3
DA:48,3
DA:49,3
DA:50,3
DA:51,3
DA:52,3
DA:53,3
DA:54,3
DA:55,3
DA:57,3
LF:42
LH:42
BRDA:7,0,0,3
BRDA:28,1,0,1
BRDA:30,2,0,0
BRDA:36,3,0,2
BRDA:14,4,0,3
BRF:5
BRH:4
end_of_record
TN:
SF:src/components/Switch.tsx
FN:8,Toggle
FN:21,onClick
FNF:2
FNH:2
FNDA:113,Toggle
FNDA:4,onClick
DA:1,1
DA:8,1
DA:9,113
DA:10,113
DA:11,113
DA:12,113
DA:13,113
DA:14,113
DA:15,113
DA:16,113
DA:17,113
DA:18,113
DA:19,113
DA:20,113
DA:21,113
DA:22,113
DA:23,113
DA:25,113
LF:18
LH:18
BRDA:8,0,0,113
BRDA:21,1,0,4
BRF:2
BRH:2
end_of_record
TN:
SF:src/components/TalongSheets.tsx
FN:12,TalongSheets
FNF:1
FNH:1
FNDA:24,TalongSheets
DA:1,1
DA:12,1
DA:13,24
DA:14,24
DA:15,24
DA:16,24
DA:17,24
DA:20,24
DA:23,24
DA:25,24
DA:26,24
DA:27,24
DA:28,24
DA:29,72
DA:30,72
DA:31,72
DA:32,72
DA:33,72
DA:34,72
DA:35,72
DA:36,72
DA:37,72
DA:38,72
DA:39,216
DA:40,216
DA:41,216
DA:42,72
DA:43,72
DA:44,72
DA:45,72
DA:46,72
DA:47,135
DA:48,135
DA:49,135
DA:50,405
DA:51,135
DA:52,135
DA:53,72
DA:54,72
DA:55,72
DA:56,72
DA:57,60
DA:59,72
DA:60,24
DA:61,24
DA:62,24
DA:64,24
LF:47
LH:47
BRDA:12,0,0,24
BRDA:15,1,0,30
BRDA:28,2,0,72
BRDA:31,3,0,0
BRDA:56,4,0,60
BRDA:38,5,0,216
BRDA:46,6,0,135
BRDA:49,7,0,405
BRF:8
BRH:7
end_of_record
TN:
SF:src/components/WalkActionsSheet.tsx
FN:21,WalkActionsSheet
FN:50,onClick
FN:59,onClick
FN:67,onClick
FN:89,onClick
FN:92,onClick
FNF:6
FNH:5
FNDA:8,WalkActionsSheet
FNDA:1,onClick
FNDA:1,onClick
FNDA:1,onClick
FNDA:0,onClick
FNDA:1,onClick
DA:1,1
DA:21,1
DA:22,8
DA:23,8
DA:24,8
DA:25,8
DA:26,8
DA:27,8
DA:28,8
DA:29,8
DA:32,8
DA:33,8
DA:34,8
DA:37,8
DA:38,6
DA:39,8
DA:41,8
DA:42,8
DA:43,8
DA:44,8
DA:45,6
DA:46,6
DA:47,6
DA:48,6
DA:49,6
DA:50,6
DA:52,6
DA:54,6
DA:55,6
DA:56,2
DA:57,2
DA:58,2
DA:59,2
DA:61,2
DA:63,2
DA:65,6
DA:66,6
DA:67,6
DA:69,6
DA:71,6
DA:72,6
DA:73,6
DA:75,2
DA:76,2
DA:77,2
DA:80,2
DA:81,2
DA:82,2
DA:83,2
DA:84,2
DA:85,2
DA:86,2
DA:87,2
DA:89,2
DA:91,2
DA:92,2
DA:94,2
DA:95,2
DA:96,2
DA:98,8
DA:99,8
DA:101,8
LF:62
LH:62
BRDA:21,0,0,8
BRDA:33,1,0,7
BRDA:34,2,0,1
BRDA:44,3,0,6
BRDA:46,4,0,5
BRDA:46,5,0,1
BRDA:55,6,0,5
BRDA:55,7,0,2
BRDA:73,8,0,2
BRDA:37,9,0,6
BRDA:38,10,0,5
BRDA:50,11,0,1
BRDA:59,12,0,1
BRDA:67,13,0,1
BRDA:92,14,0,1
BRF:15
BRH:15
end_of_record
TN:
SF:src/hooks/useAuth.tsx
FN:1,(empty-report)
FNF:1
FNH:0
FNDA:0,(empty-report)
DA:1,0
DA:11,0
DA:12,0
DA:13,0
DA:14,0
DA:15,0
DA:17,0
DA:18,0
DA:19,0
DA:22,0
DA:24,0
DA:25,0
DA:26,0
DA:27,0
DA:28,0
DA:29,0
DA:30,0
DA:32,0
DA:33,0
DA:34,0
DA:35,0
DA:36,0
DA:37,0
DA:39,0
DA:40,0
DA:41,0
DA:42,0
DA:44,0
DA:46,0
DA:47,0
DA:48,0
LF:31
LH:0
BRDA:1,0,0,0
BRF:1
BRH:0
end_of_record
TN:
SF:src/lib/factory.ts
FN:4,newQuestion
FN:14,newWalk
FNF:2
FNH:2
FNDA:91,newQuestion
FNDA:6,newWalk
DA:1,1
DA:4,1
DA:5,91
DA:6,91
DA:7,91
DA:8,91
DA:9,91
DA:10,91
DA:11,91
DA:12,91
DA:14,1
DA:15,6
DA:16,6
DA:17,6
DA:18,6
DA:19,6
DA:20,6
DA:21,6
DA:22,6
DA:23,6
DA:24,6
DA:25,6
DA:26,6
DA:27,6
DA:28,6
LF:25
LH:25
BRDA:4,0,0,91
BRDA:14,1,0,6
BRF:2
BRH:2
end_of_record
TN:
SF:src/lib/id.ts
FN:4,shortId
FN:14,uid
FNF:2
FNH:2
FNDA:1107,shortId
FNDA:96,uid
DA:2,1
DA:4,1
DA:5,1107
DA:6,1107
DA:7,1107
DA:8,1107
DA:9,9023
DA:10,9023
DA:11,1107
DA:12,1107
DA:14,1
DA:15,96
DA:16,96
LF:13
LH:13
BRDA:4,0,0,1107
BRDA:8,1,0,9023
BRDA:14,2,0,96
BRF:3
BRH:3
end_of_record
TN:
SF:src/lib/scoring.ts
FN:13,scoreWalk
FNF:1
FNH:1
FNDA:9,scoreWalk
DA:13,1
DA:14,9
DA:15,9
DA:16,9
DA:17,9
DA:18,9
DA:19,9
DA:20,24
DA:21,24
DA:22,9
DA:23,9
LF:11
LH:11
BRDA:13,0,0,9
BRDA:19,1,0,24
BRDA:20,2,0,10
BRF:3
BRH:3
end_of_record
TN:
SF:src/lib/shareUrl.ts
FN:3,playUrl
FN:9,cleanJoinUrl
FN:15,joinDisplayUrl
FNF:3
FNH:3
FNDA:34,playUrl
FNDA:24,cleanJoinUrl
FNDA:22,joinDisplayUrl
DA:3,1
DA:4,34
DA:5,34
DA:9,1
DA:10,24
DA:11,24
DA:15,1
DA:16,22
DA:17,22
LF:9
LH:9
BRDA:3,0,0,34
BRDA:9,1,0,24
BRDA:15,2,0,22
BRF:3
BRH:3
end_of_record
TN:
SF:src/lib/walk.ts
FN:4,walkContent
FN:18,liveContent
FN:23,liveWalk
FN:28,hasPendingChanges
FNF:4
FNH:4
FNDA:79,walkContent
FNDA:76,liveContent
FNDA:9,liveWalk
FNDA:39,hasPendingChanges
DA:4,1
DA:5,79
DA:6,79
DA:7,79
DA:8,79
DA:9,79
DA:10,79
DA:11,79
DA:18,1
DA:19,76
DA:20,76
DA:23,1
DA:24,9
DA:25,9
DA:28,1
DA:29,39
DA:30,7
DA:31,7
DA:33,7
LF:19
LH:19
BRDA:4,0,0,79
BRDA:18,1,0,76
BRDA:19,2,0,64
BRDA:23,3,0,9
BRDA:28,4,0,39
BRDA:29,5,0,7
BRDA:29,6,0,32
BRDA:29,7,0,7
BRF:8
BRH:8
end_of_record
TN:
SF:src/pages/EditorPage.tsx
FN:14,EditorPage
FN:62,update
FN:116,setQ
FN:124,setOpt
FN:132,addQuestion
FN:138,removeQuestion
FN:151,publish
FN:172,discard
FN:213,onClick
FN:240,onClick
FN:271,onChange
FN:278,onChange
FN:289,onChange
FN:300,onChange
FN:311,onChange
FN:339,onClick
FN:351,onChange
FN:381,onChange
FN:387,onClick
FN:420,onMouseLeave
FN:426,onClick
FN:442,onChange
FN:454,onChange
FN:474,onChange
FN:512,onClick
FN:556,onConfirm
FN:560,onClose
FN:568,onConfirm
FN:572,onClose
FNF:29
FNH:12
FNDA:51,EditorPage
FNDA:9,update
FNDA:1,setQ
FNDA:3,setOpt
FNDA:1,addQuestion
FNDA:0,removeQuestion
FNDA:1,publish
FNDA:0,discard
FNDA:0,onClick
FNDA:0,onClick
FNDA:2,onChange
FNDA:1,onChange
FNDA:0,onChange
FNDA:1,onChange
FNDA:0,onChange
FNDA:0,onClick
FNDA:0,onChange
FNDA:3,onChange
FNDA:1,onClick
FNDA:0,onMouseLeave
FNDA:0,onClick
FNDA:0,onChange
FNDA:0,onChange
FNDA:0,onChange
FNDA:1,onClick
FNDA:0,onConfirm
FNDA:0,onClose
FNDA:0,onConfirm
FNDA:0,onClose
DA:1,1
DA:14,51
DA:15,51
DA:16,51
DA:17,51
DA:18,51
DA:19,51
DA:20,51
DA:21,51
DA:22,51
DA:24,51
DA:26,51
DA:27,51
DA:28,51
DA:29,51
DA:30,51
DA:31,51
DA:33,51
DA:34,14
DA:35,14
DA:36,14
DA:39,12
DA:40,1
DA:41,1
DA:42,1
DA:43,1
DA:44,1
DA:45,11
DA:46,11
DA:47,11
DA:50,14
DA:51,14
DA:52,1
DA:53,14
DA:54,14
DA:56,51
DA:58,51
DA:59,51
DA:62,51
DA:64,9
DA:65,1
DA:66,1
DA:67,1
DA:68,8
DA:69,8
DA:70,8
DA:71,8
DA:72,8
DA:73,8
DA:74,6
DA:75,6
DA:76,6
DA:77,8
DA:78,8
DA:79,8
DA:80,9
DA:82,51
DA:83,1
DA:84,1
DA:85,1
DA:86,1
DA:87,1
DA:89,1
DA:90,1
DA:92,1
DA:96,49
DA:97,51
DA:98,51
DA:99,1
DA:100,1
DA:101,1
DA:102,1
DA:105,1
DA:106,1
DA:108,1
DA:109,1
DA:111,1
DA:112,51
DA:113,14
DA:114,14
DA:116,34
DA:117,1
DA:118,1
DA:119,1
DA:120,1
DA:121,1
DA:122,1
DA:124,34
DA:125,3
DA:126,3
DA:127,3
DA:128,3
DA:129,3
DA:130,3
DA:132,34
DA:133,1
DA:134,1
DA:135,1
DA:136,1
DA:138,34
DA:139,0
DA:140,0
DA:141,0
DA:142,0
DA:143,0
DA:144,0
DA:151,34
DA:152,1
DA:153,1
DA:154,1
DA:155,1
DA:156,1
DA:157,1
DA:158,1
DA:159,1
DA:160,1
DA:161,1
DA:162,1
DA:163,1
DA:166,1
DA:167,1
DA:172,34
DA:173,0
DA:174,0
DA:175,0
DA:176,0
DA:177,0
DA:179,34
DA:180,34
DA:181,33
DA:182,33
DA:183,33
DA:184,36
DA:185,32
DA:186,33
DA:189,51
DA:191,51
DA:192,51
DA:193,51
DA:195,51
DA:196,51
DA:197,51
DA:198,51
DA:199,51
DA:202,51
DA:203,51
DA:204,51
DA:205,2
DA:206,2
DA:207,2
DA:208,2
DA:211,2
DA:212,2
DA:213,2
DA:215,2
DA:216,2
DA:218,51
DA:219,0
DA:220,0
DA:221,0
DA:222,0
DA:223,0
DA:226,0
DA:227,0
DA:229,0
DA:230,0
DA:231,0
DA:232,0
DA:234,0
DA:235,0
DA:237,0
DA:238,0
DA:240,0
DA:242,0
DA:244,0
DA:246,51
DA:247,0
DA:248,0
DA:249,0
DA:250,0
DA:253,0
DA:254,0
DA:255,0
DA:256,0
DA:259,51
DA:260,51
DA:261,51
DA:263,51
DA:264,51
DA:265,51
DA:266,51
DA:267,51
DA:268,51
DA:269,51
DA:270,51
DA:271,51
DA:272,51
DA:273,51
DA:275,51
DA:276,51
DA:277,51
DA:278,51
DA:279,1
DA:280,1
DA:281,1
DA:282,1
DA:284,51
DA:285,51
DA:286,51
DA:287,51
DA:288,51
DA:289,51
DA:290,0
DA:291,0
DA:292,0
DA:293,0
DA:295,51
DA:296,51
DA:297,51
DA:298,51
DA:299,51
DA:300,51
DA:301,1
DA:302,1
DA:303,1
DA:304,1
DA:306,51
DA:307,51
DA:308,51
DA:309,51
DA:310,51
DA:311,51
DA:312,0
DA:313,0
DA:314,0
DA:315,0
DA:317,51
DA:318,51
DA:319,51
DA:320,51
DA:321,51
DA:322,51
DA:324,51
DA:325,51
DA:326,51
DA:327,51
DA:328,51
DA:330,51
DA:331,51
DA:332,37
DA:333,37
DA:334,37
DA:335,37
DA:336,37
DA:337,37
DA:338,37
DA:339,37
DA:340,37
DA:341,37
DA:343,37
DA:344,37
DA:346,37
DA:347,37
DA:348,37
DA:349,37
DA:350,37
DA:351,37
DA:352,37
DA:353,37
DA:355,37
DA:356,37
DA:357,37
DA:358,37
DA:359,37
DA:360,37
DA:361,37
DA:362,37
DA:363,37
DA:364,37
DA:366,37
DA:367,37
DA:368,37
DA:369,37
DA:370,111
DA:371,111
DA:372,111
DA:373,111
DA:374,111
DA:376,111
DA:377,111
DA:378,111
DA:379,111
DA:380,111
DA:381,111
DA:382,111
DA:383,111
DA:384,111
DA:385,111
DA:386,111
DA:387,111
DA:389,111
DA:390,111
DA:391,111
DA:392,37
DA:393,37
DA:394,37
DA:395,51
DA:396,51
DA:398,51
DA:399,51
DA:400,51
DA:401,51
DA:402,51
DA:403,51
DA:405,51
DA:406,51
DA:407,51
DA:408,51
DA:409,51
DA:411,51
DA:412,2
DA:413,2
DA:414,2
DA:415,2
DA:416,2
DA:417,2
DA:418,2
DA:419,2
DA:420,2
DA:422,2
DA:423,2
DA:424,2
DA:425,2
DA:426,2
DA:428,2
DA:429,2
DA:430,2
DA:433,2
DA:434,2
DA:435,2
DA:436,2
DA:437,2
DA:438,2
DA:439,2
DA:440,2
DA:441,2
DA:442,2
DA:443,0
DA:444,0
DA:445,0
DA:446,0
DA:447,0
DA:448,0
DA:450,2
DA:451,2
DA:452,2
DA:453,2
DA:454,2
DA:455,0
DA:456,0
DA:457,0
DA:458,0
DA:459,0
DA:460,0
DA:461,0
DA:462,0
DA:463,2
DA:464,2
DA:465,2
DA:466,2
DA:467,0
DA:468,0
DA:469,0
DA:470,0
DA:471,0
DA:472,0
DA:473,0
DA:474,0
DA:475,0
DA:476,0
DA:477,0
DA:478,0
DA:479,0
DA:480,0
DA:481,0
DA:483,0
DA:484,0
DA:486,2
DA:487,2
DA:488,2
DA:490,51
DA:492,51
DA:494,51
DA:495,51
DA:496,51
DA:497,51
DA:498,51
DA:499,51
DA:500,3
DA:501,3
DA:502,3
DA:504,51
DA:505,0
DA:507,0
DA:509,51
DA:510,51
DA:511,51
DA:512,51
DA:514,51
DA:515,51
DA:516,51
DA:517,51
DA:519,51
DA:520,51
DA:521,31
DA:522,3
DA:523,0
DA:524,3
DA:525,51
DA:526,51
DA:527,7
DA:530,7
DA:532,51
DA:533,51
DA:534,3
DA:535,1
DA:536,1
DA:537,1
DA:538,0
DA:539,1
DA:540,1
DA:541,1
DA:542,1
DA:543,1
DA:544,1
DA:545,1
DA:546,1
DA:548,51
DA:549,51
DA:551,51
DA:552,51
DA:553,51
DA:554,51
DA:555,51
DA:556,51
DA:557,0
DA:558,0
DA:559,0
DA:560,51
DA:561,51
DA:563,51
DA:564,51
DA:565,51
DA:566,51
DA:567,51
DA:568,51
DA:569,0
DA:570,0
DA:571,0
DA:572,51
DA:573,51
DA:574,51
DA:576,51
LF:463
LH:377
BRDA:14,0,0,51
BRDA:59,1,0,2
BRDA:82,2,0,1
BRDA:92,3,0,49
BRDA:97,4,0,35
BRDA:97,5,0,1
BRDA:98,6,0,35
BRDA:98,7,0,1
BRDA:98,8,0,1
BRDA:111,9,0,48
BRDA:112,10,0,34
BRDA:112,11,0,0
BRDA:112,12,0,14
BRDA:114,13,0,34
BRDA:180,14,0,33
BRDA:181,15,0,33
BRDA:204,16,0,2
BRDA:204,17,0,2
BRDA:218,18,0,2
BRDA:218,19,0,0
BRDA:246,20,0,0
BRDA:246,21,0,0
BRDA:411,22,0,2
BRDA:440,23,0,0
BRDA:453,24,0,0
BRDA:466,25,0,0
BRDA:466,26,0,0
BRDA:499,27,0,3
BRDA:501,28,0,0
BRDA:504,29,0,3
BRDA:504,30,0,0
BRDA:517,31,0,27
BRDA:517,32,0,3
BRDA:520,33,0,31
BRDA:521,34,0,3
BRDA:522,35,0,0
BRDA:526,36,0,7
BRDA:533,37,0,3
BRDA:534,38,0,2
BRDA:534,39,0,1
BRDA:537,40,0,0
BRDA:541,41,0,0
BRDA:33,42,0,14
BRDA:34,43,0,0
BRDA:35,44,0,14
BRDA:36,45,0,12
BRDA:39,46,0,1
BRDA:39,47,0,1
BRDA:44,48,0,11
BRDA:47,49,0,2
BRDA:50,50,0,1
BRDA:51,51,0,1
BRDA:51,52,0,1
BRDA:54,53,0,14
BRDA:62,54,0,9
BRDA:64,55,0,1
BRDA:67,56,0,8
BRDA:68,57,0,8
BRDA:69,58,0,0
BRDA:73,59,0,6
BRDA:76,60,0,4
BRDA:116,61,0,1
BRDA:117,62,0,1
BRDA:119,63,0,1
BRDA:120,64,0,0
BRDA:124,65,0,3
BRDA:125,66,0,3
BRDA:127,67,0,3
BRDA:128,68,0,0
BRDA:132,69,0,1
BRDA:133,70,0,1
BRDA:151,71,0,1
BRDA:183,72,0,36
BRDA:184,73,0,32
BRDA:185,74,0,92
BRDA:271,75,0,2
BRDA:271,76,0,1
BRDA:278,77,0,1
BRDA:279,78,0,1
BRDA:300,79,0,1
BRDA:301,80,0,1
BRDA:331,81,0,37
BRDA:369,82,0,111
BRDA:389,83,0,33
BRDA:389,84,0,78
BRDA:381,85,0,3
BRDA:387,86,0,1
BRDA:512,87,0,1
BRDA:512,88,0,0
BRF:89
BRH:71
end_of_record
TN:
SF:src/pages/HomePage.tsx
FN:1,(empty-report)
FNF:1
FNH:0
FNDA:0,(empty-report)
DA:1,0
DA:13,0
DA:14,0
DA:15,0
DA:16,0
DA:17,0
DA:18,0
DA:19,0
DA:21,0
DA:22,0
DA:23,0
DA:24,0
DA:25,0
DA:26,0
DA:27,0
DA:28,0
DA:29,0
DA:30,0
DA:31,0
DA:32,0
DA:34,0
DA:37,0
DA:38,0
DA:39,0
DA:41,0
DA:42,0
DA:43,0
DA:44,0
DA:45,0
DA:46,0
DA:47,0
DA:49,0
DA:50,0
DA:51,0
DA:52,0
DA:53,0
DA:55,0
DA:56,0
DA:57,0
DA:58,0
DA:60,0
DA:62,0
DA:63,0
DA:64,0
DA:65,0
DA:67,0
DA:68,0
DA:69,0
DA:70,0
DA:73,0
DA:75,0
DA:76,0
DA:77,0
DA:78,0
DA:79,0
DA:80,0
DA:81,0
DA:82,0
DA:84,0
DA:86,0
DA:87,0
DA:88,0
DA:89,0
DA:91,0
DA:92,0
DA:94,0
DA:95,0
DA:96,0
DA:97,0
DA:98,0
DA:100,0
DA:101,0
DA:103,0
DA:104,0
DA:105,0
DA:106,0
DA:107,0
DA:108,0
DA:110,0
DA:111,0
DA:112,0
DA:113,0
DA:114,0
DA:115,0
DA:116,0
DA:117,0
DA:118,0
DA:119,0
DA:120,0
DA:121,0
DA:122,0
DA:123,0
DA:124,0
DA:126,0
DA:127,0
DA:128,0
DA:129,0
DA:130,0
DA:131,0
DA:132,0
DA:133,0
DA:134,0
DA:135,0
DA:136,0
DA:137,0
DA:138,0
DA:140,0
DA:141,0
DA:143,0
DA:144,0
DA:145,0
DA:146,0
DA:147,0
DA:148,0
DA:149,0
DA:150,0
DA:152,0
DA:153,0
DA:154,0
DA:155,0
DA:156,0
DA:157,0
DA:160,0
DA:161,0
DA:162,0
DA:163,0
DA:164,0
DA:165,0
DA:166,0
DA:167,0
DA:168,0
DA:169,0
DA:170,0
DA:171,0
DA:172,0
DA:173,0
DA:175,0
DA:176,0
DA:177,0
DA:178,0
DA:179,0
DA:180,0
DA:182,0
DA:185,0
DA:186,0
DA:187,0
DA:188,0
DA:189,0
DA:190,0
DA:191,0
DA:192,0
LF:151
LH:0
BRDA:1,0,0,0
BRF:1
BRH:0
end_of_record
TN:
SF:src/pages/LeaderboardPage.tsx
FN:6,LeaderboardPage
FN:52,LeaderboardBody
FNF:2
FNH:2
FNDA:16,LeaderboardPage
FNDA:15,LeaderboardBody
DA:1,1
DA:6,16
DA:7,16
DA:8,16
DA:9,16
DA:10,16
DA:11,16
DA:12,16
DA:14,16
DA:15,8
DA:16,8
DA:17,8
DA:18,16
DA:22,16
DA:23,16
DA:25,16
DA:26,16
DA:27,16
DA:28,16
DA:29,16
DA:30,16
DA:31,1
DA:32,1
DA:34,1
DA:35,1
DA:36,1
DA:37,1
DA:39,1
DA:40,1
DA:41,1
DA:43,1
DA:44,1
DA:46,15
DA:48,16
DA:50,16
DA:52,15
DA:53,15
DA:54,15
DA:55,15
DA:58,15
DA:59,15
DA:60,15
DA:61,15
DA:62,15
DA:64,15
DA:65,15
DA:66,15
DA:67,15
DA:69,15
DA:70,2
DA:71,2
DA:72,2
DA:73,2
DA:74,2
DA:75,2
DA:76,1
DA:77,1
DA:78,1
DA:79,1
DA:81,2
DA:84,15
DA:85,8
DA:86,7
DA:87,3
DA:89,3
DA:91,4
DA:92,4
DA:93,6
DA:94,6
DA:95,6
DA:96,6
DA:97,6
DA:98,6
DA:99,6
DA:100,6
DA:101,6
DA:102,6
DA:103,6
DA:104,6
DA:105,6
DA:106,2
DA:107,2
DA:108,2
DA:109,2
DA:111,6
DA:112,6
DA:113,4
DA:114,4
DA:116,15
DA:118,15
LF:90
LH:90
BRDA:6,0,0,16
BRDA:9,1,0,2
BRDA:9,2,0,14
BRDA:10,3,0,2
BRDA:10,4,0,14
BRDA:23,5,0,2
BRDA:23,6,0,1
BRDA:30,7,0,1
BRDA:39,8,0,0
BRDA:44,9,0,15
BRDA:14,10,0,8
BRDA:15,11,0,0
BRDA:52,12,0,15
BRDA:59,13,0,7
BRDA:66,14,0,7
BRDA:66,15,0,8
BRDA:69,16,0,2
BRDA:69,17,0,2
BRDA:75,18,0,1
BRDA:84,19,0,8
BRDA:85,20,0,7
BRDA:86,21,0,3
BRDA:89,22,0,4
BRDA:92,23,0,6
BRDA:95,24,0,4
BRDA:95,25,0,2
BRDA:105,26,0,2
BRDA:105,27,0,2
BRDA:108,28,0,1
BRDA:108,29,0,1
BRF:30
BRH:28
end_of_record
TN:
SF:src/pages/NotFoundPage.tsx
FN:1,(empty-report)
FNF:1
FNH:0
FNDA:0,(empty-report)
DA:1,0
DA:3,0
DA:4,0
DA:5,0
DA:6,0
DA:7,0
DA:8,0
DA:9,0
DA:11,0
DA:12,0
DA:14,0
LF:11
LH:0
BRDA:1,0,0,0
BRF:1
BRH:0
end_of_record
TN:
SF:src/pages/PlayPage.tsx
FN:17,PlayPage
FN:92,start
FN:125,onClick
FN:141,onChange
FN:145,onKeyDown
FN:166,onClose
FN:173,onClick
FN:193,submit
FN:201,finalize
FN:250,onChange
FN:270,onClick
FN:287,onClick
FN:298,onClick
FN:310,onConfirm
FN:314,onClose
FNF:15
FNH:10
FNDA:80,PlayPage
FNDA:7,start
FNDA:0,onClick
FNDA:28,onChange
FNDA:28,onKeyDown
FNDA:0,onClose
FNDA:0,onClick
FNDA:3,submit
FNDA:3,finalize
FNDA:0,onChange
FNDA:6,onClick
FNDA:1,onClick
FNDA:7,onClick
FNDA:1,onConfirm
FNDA:0,onClose
DA:1,1
DA:17,80
DA:18,80
DA:19,80
DA:20,80
DA:21,80
DA:23,80
DA:24,80
DA:25,80
DA:26,80
DA:27,80
DA:28,80
DA:29,80
DA:30,80
DA:31,80
DA:33,80
DA:34,11
DA:35,11
DA:36,11
DA:37,11
DA:38,11
DA:40,9
DA:41,9
DA:42,11
DA:43,1
DA:44,1
DA:45,1
DA:46,1
DA:47,1
DA:48,1
DA:49,11
DA:50,80
DA:52,80
DA:53,80
DA:54,80
DA:55,80
DA:58,80
DA:59,68
DA:60,21
DA:61,21
DA:62,21
DA:63,21
DA:64,21
DA:65,21
DA:66,21
DA:67,21
DA:68,80
DA:70,80
DA:71,80
DA:72,80
DA:73,80
DA:75,80
DA:76,80
DA:77,2
DA:78,2
DA:80,2
DA:81,2
DA:82,2
DA:84,2
DA:85,2
DA:87,80
DA:92,67
DA:93,7
DA:94,7
DA:95,7
DA:96,7
DA:97,7
DA:98,7
DA:99,7
DA:100,7
DA:101,1
DA:102,1
DA:103,7
DA:104,7
DA:105,1
DA:106,1
DA:107,1
DA:108,6
DA:109,7
DA:110,0
DA:111,7
DA:112,7
DA:113,7
DA:114,7
DA:117,80
DA:118,44
DA:119,44
DA:120,44
DA:121,44
DA:122,44
DA:123,44
DA:124,44
DA:125,44
DA:127,44
DA:128,44
DA:129,44
DA:130,44
DA:131,44
DA:132,44
DA:133,44
DA:134,44
DA:135,44
DA:136,44
DA:137,44
DA:138,44
DA:139,44
DA:140,44
DA:141,44
DA:142,28
DA:143,28
DA:144,28
DA:145,44
DA:146,28
DA:147,28
DA:148,44
DA:149,44
DA:150,1
DA:151,1
DA:152,1
DA:154,44
DA:155,44
DA:156,44
DA:157,44
DA:158,44
DA:159,44
DA:161,44
DA:162,44
DA:163,44
DA:164,44
DA:166,44
DA:167,44
DA:168,44
DA:169,44
DA:170,44
DA:171,44
DA:172,44
DA:173,44
DA:174,0
DA:175,0
DA:176,0
DA:177,44
DA:179,44
DA:181,0
DA:183,0
DA:185,44
DA:186,44
DA:187,44
DA:188,44
DA:190,44
DA:193,23
DA:194,3
DA:195,1
DA:196,1
DA:197,1
DA:198,2
DA:199,3
DA:201,23
DA:202,3
DA:203,3
DA:204,3
DA:205,3
DA:206,3
DA:207,3
DA:208,3
DA:209,3
DA:210,3
DA:211,3
DA:212,3
DA:213,3
DA:214,3
DA:215,3
DA:216,3
DA:217,3
DA:218,3
DA:219,3
DA:221,80
DA:222,80
DA:224,80
DA:225,80
DA:226,80
DA:227,80
DA:228,80
DA:229,80
DA:230,80
DA:231,80
DA:232,80
DA:233,80
DA:234,80
DA:235,80
DA:236,80
DA:238,80
DA:239,80
DA:240,0
DA:241,0
DA:242,0
DA:243,0
DA:244,0
DA:245,0
DA:246,0
DA:247,0
DA:248,0
DA:249,0
DA:250,0
DA:251,0
DA:252,0
DA:254,23
DA:255,23
DA:256,23
DA:257,23
DA:258,23
DA:260,0
DA:262,0
DA:264,23
DA:265,23
DA:266,69
DA:267,69
DA:268,69
DA:269,69
DA:270,69
DA:271,6
DA:274,69
DA:275,69
DA:276,69
DA:277,23
DA:278,23
DA:279,23
DA:281,80
DA:283,80
DA:284,80
DA:285,80
DA:286,80
DA:287,80
DA:288,80
DA:290,80
DA:291,80
DA:292,7
DA:293,7
DA:294,7
DA:296,16
DA:297,16
DA:298,16
DA:299,16
DA:301,16
DA:303,80
DA:305,80
DA:306,80
DA:307,80
DA:308,80
DA:309,80
DA:310,80
DA:311,1
DA:312,1
DA:313,1
DA:314,80
DA:315,80
DA:316,80
DA:318,80
LF:257
LH:236
BRDA:17,0,0,80
BRDA:52,1,0,67
BRDA:52,2,0,0
BRDA:53,3,0,67
BRDA:53,4,0,13
BRDA:53,5,0,0
BRDA:54,6,0,0
BRDA:54,7,0,0
BRDA:76,8,0,2
BRDA:85,9,0,78
BRDA:87,10,0,11
BRDA:87,11,0,67
BRDA:117,12,0,44
BRDA:149,13,0,1
BRDA:158,14,0,36
BRDA:161,15,0,7
BRDA:161,16,0,37
BRDA:179,17,0,0
BRDA:190,18,0,23
BRDA:221,19,0,0
BRDA:221,20,0,23
BRDA:228,21,0,0
BRDA:228,22,0,23
BRDA:239,23,0,0
BRDA:252,24,0,23
BRDA:258,25,0,0
BRDA:291,26,0,7
BRDA:294,27,0,16
BRDA:33,28,0,11
BRDA:34,29,0,0
BRDA:35,30,0,11
BRDA:36,31,0,1
BRDA:36,32,0,10
BRDA:37,33,0,9
BRDA:38,34,0,1
BRDA:38,35,0,9
BRDA:42,36,0,1
BRDA:45,37,0,0
BRDA:58,38,0,68
BRDA:59,39,0,57
BRDA:59,40,0,47
BRDA:59,41,0,21
BRDA:71,42,0,18
BRDA:92,43,0,7
BRDA:94,44,0,0
BRDA:104,45,0,1
BRDA:107,46,0,6
BRDA:109,47,0,0
BRDA:111,48,0,6
BRDA:100,49,0,1
BRDA:141,50,0,28
BRDA:143,51,0,0
BRDA:145,52,0,28
BRDA:146,53,0,0
BRDA:146,54,0,0
BRDA:193,55,0,3
BRDA:194,56,0,1
BRDA:197,57,0,2
BRDA:201,58,0,3
BRDA:210,59,0,0
BRDA:215,60,0,3
BRDA:265,61,0,69
BRDA:270,62,0,6
BRDA:271,63,0,6
BRDA:287,64,0,1
BRDA:287,65,0,1
BRDA:298,66,0,7
BRDA:298,67,0,7
BRDA:310,68,0,1
BRF:69
BRH:52
end_of_record
TN:
SF:src/pages/PreviewPage.tsx
FN:10,PreviewPage
FNF:1
FNH:1
FNDA:17,PreviewPage
DA:1,1
DA:10,17
DA:11,17
DA:12,17
DA:14,17
DA:15,9
DA:16,17
DA:18,17
DA:20,8
DA:21,8
DA:22,8
DA:24,8
DA:25,8
DA:26,8
DA:27,8
DA:28,8
DA:30,8
DA:31,8
DA:32,8
DA:34,8
DA:36,8
DA:37,8
DA:38,17
DA:39,17
DA:40,17
DA:42,17
DA:43,17
DA:44,16
DA:45,16
DA:46,16
DA:47,16
DA:48,16
DA:49,16
DA:50,16
DA:51,48
DA:52,48
DA:53,48
DA:54,48
DA:56,48
DA:57,48
DA:58,48
DA:59,48
DA:60,48
DA:61,16
DA:62,16
DA:63,16
DA:64,17
DA:66,17
DA:67,1
DA:68,1
DA:69,1
DA:70,1
DA:71,1
DA:72,1
DA:74,17
DA:76,17
DA:77,17
DA:79,17
DA:80,17
DA:81,17
DA:82,17
DA:83,17
DA:84,17
DA:85,17
DA:87,17
LF:65
LH:65
BRDA:10,0,0,17
BRDA:18,1,0,9
BRDA:18,2,0,8
BRDA:38,3,0,0
BRDA:66,4,0,6
BRDA:66,5,0,1
BRDA:66,6,0,1
BRDA:82,7,0,8
BRDA:83,8,0,8
BRDA:14,9,0,9
BRDA:21,10,0,8
BRDA:43,11,0,16
BRDA:48,12,0,0
BRDA:50,13,0,48
BRF:14
BRH:12
end_of_record
TN:
SF:src/pages/ResultPage.tsx
FN:6,ResultPage
FNF:1
FNH:1
FNDA:10,ResultPage
DA:1,1
DA:6,10
DA:7,10
DA:8,10
DA:9,10
DA:11,10
DA:12,5
DA:13,5
DA:14,5
DA:15,10
DA:17,10
DA:19,10
DA:22,10
DA:23,1
DA:24,1
DA:25,1
DA:26,1
DA:27,1
DA:28,1
DA:30,1
DA:31,1
DA:34,1
DA:35,1
DA:36,1
DA:38,1
DA:39,1
DA:40,1
DA:42,1
DA:43,4
DA:44,4
DA:45,1
DA:46,1
DA:47,1
DA:49,1
DA:50,1
DA:53,3
DA:55,3
DA:56,3
DA:57,3
DA:58,3
DA:59,3
DA:60,3
DA:61,3
DA:62,3
DA:63,3
DA:64,3
DA:65,3
DA:66,3
DA:68,3
DA:70,3
DA:71,3
DA:73,3
DA:74,3
DA:76,3
DA:77,3
DA:78,3
DA:80,3
LF:57
LH:57
BRDA:6,0,0,10
BRDA:17,1,0,5
BRDA:19,2,0,5
BRDA:19,3,0,5
BRDA:22,4,0,1
BRDA:42,5,0,4
BRDA:44,6,0,1
BRDA:50,7,0,3
BRDA:11,8,0,5
BRDA:12,9,0,0
BRDA:17,10,0,9
BRF:11
BRH:10
end_of_record
TN:
SF:src/pages/SharePage.tsx
FN:13,SharePage
FN:27,copy
FNF:2
FNH:2
FNDA:18,SharePage
FNDA:1,copy
DA:1,1
DA:13,18
DA:14,18
DA:15,18
DA:16,18
DA:18,18
DA:19,9
DA:20,18
DA:22,18
DA:25,9
DA:27,9
DA:28,1
DA:29,1
DA:30,1
DA:31,1
DA:33,9
DA:34,9
DA:35,9
DA:36,9
DA:38,9
DA:39,9
DA:41,9
DA:42,9
DA:43,9
DA:44,9
DA:45,9
DA:46,9
DA:47,9
DA:48,9
DA:50,9
DA:51,9
DA:52,9
DA:54,9
DA:55,9
DA:56,9
DA:57,9
DA:58,9
DA:59,9
DA:60,9
DA:61,9
DA:62,9
DA:63,9
DA:64,9
DA:65,9
DA:66,9
DA:67,9
DA:68,18
DA:69,18
DA:70,18
DA:72,18
DA:73,18
DA:74,18
DA:75,18
DA:76,18
DA:78,18
DA:81,18
DA:82,18
DA:83,18
DA:84,18
DA:85,18
DA:86,18
DA:88,18
LF:62
LH:62
BRDA:13,0,0,18
BRDA:22,1,0,9
BRDA:68,2,0,1
BRDA:68,3,0,8
BRDA:83,4,0,9
BRDA:84,5,0,9
BRDA:18,6,0,9
BRDA:27,7,0,1
BRF:8
BRH:8
end_of_record
TN:
SF:src/storage/FirestoreStorage.ts
FN:23,plain
FN:35,FirestoreStorage
FN:37,listWalks
FN:42,getWalk
FN:47,saveWalk
FN:51,deleteWalk
FN:55,saveSubmission
FN:60,listWalksByOwner
FN:66,getLeaderboard
FNF:9
FNH:0
FNDA:0,plain
FNDA:0,FirestoreStorage
FNDA:0,listWalks
FNDA:0,getWalk
FNDA:0,saveWalk
FNDA:0,deleteWalk
FNDA:0,saveSubmission
FNDA:0,listWalksByOwner
FNDA:0,getLeaderboard
DA:1,1
DA:15,1
DA:16,1
DA:23,0
DA:24,0
DA:25,0
DA:34,1
DA:35,1
DA:37,1
DA:39,0
DA:40,0
DA:42,1
DA:43,0
DA:44,0
DA:45,0
DA:47,1
DA:48,0
DA:49,0
DA:51,1
DA:52,0
DA:53,0
DA:55,1
DA:56,0
DA:57,0
DA:60,1
DA:61,0
DA:62,0
DA:63,0
DA:64,0
DA:66,1
DA:67,0
DA:68,0
DA:69,0
DA:70,0
DA:71,0
DA:72,0
DA:73,0
DA:74,0
DA:75,0
DA:76,1
LF:40
LH:13
BRF:0
BRH:0
end_of_record
TN:
SF:src/storage/HybridStorage.ts
FN:8,mergeWalks
FN:35,<instance_members_initializer>
FN:40,HybridStorage
FN:43,HybridStorage.getUid
FN:46,listWalks
FN:58,getWalk
FN:64,saveWalk
FN:79,deleteWalk
FN:84,saveSubmission
FN:89,getLeaderboard
FN:95,adoptLocalWalks
FN:107,tryRemote
FNF:12
FNH:10
FNDA:3,mergeWalks
FNDA:19,<instance_members_initializer>
FNDA:19,HybridStorage
FNDA:0,HybridStorage.getUid
FNDA:5,listWalks
FNDA:5,getWalk
FNDA:6,saveWalk
FNDA:0,deleteWalk
FNDA:2,saveSubmission
FNDA:2,getLeaderboard
FNDA:4,adoptLocalWalks
FNDA:6,tryRemote
DA:1,1
DA:8,1
DA:9,3
DA:10,3
DA:11,7
DA:12,7
DA:13,7
DA:14,3
DA:15,3
DA:35,1
DA:36,19
DA:37,19
DA:38,19
DA:40,19
DA:41,19
DA:42,19
DA:43,19
DA:44,19
DA:46,19
DA:47,5
DA:48,5
DA:49,5
DA:50,2
DA:51,2
DA:52,1
DA:53,1
DA:54,1
DA:55,1
DA:56,5
DA:58,19
DA:59,5
DA:60,5
DA:61,5
DA:62,5
DA:64,19
DA:65,6
DA:66,6
DA:67,3
DA:68,3
DA:69,3
DA:70,3
DA:71,3
DA:72,3
DA:73,3
DA:74,6
DA:75,1
DA:76,1
DA:77,6
DA:79,19
DA:80,0
DA:81,0
DA:82,0
DA:84,19
DA:85,2
DA:86,1
DA:87,2
DA:89,19
DA:90,2
DA:91,1
DA:92,2
DA:95,19
DA:96,4
DA:97,3
DA:98,4
DA:99,6
DA:100,2
DA:101,2
DA:102,2
DA:103,2
DA:104,4
DA:107,19
DA:108,6
DA:109,6
DA:110,6
DA:111,1
DA:112,1
DA:113,6
DA:114,19
LF:78
LH:75
BRDA:8,0,0,3
BRDA:10,1,0,7
BRDA:12,2,0,2
BRDA:12,3,0,1
BRDA:12,4,0,0
BRDA:12,5,0,6
BRDA:14,6,0,2
BRDA:35,7,0,19
BRDA:40,8,0,19
BRDA:41,9,0,0
BRDA:42,10,0,4
BRDA:42,11,0,0
BRDA:43,12,0,0
BRDA:46,13,0,5
BRDA:49,14,0,4
BRDA:49,15,0,3
BRDA:49,16,0,2
BRDA:51,17,0,1
BRDA:58,18,0,5
BRDA:60,19,0,2
BRDA:60,20,0,3
BRDA:61,21,0,2
BRDA:61,22,0,1
BRDA:64,23,0,6
BRDA:66,24,0,3
BRDA:67,25,0,2
BRDA:74,26,0,1
BRDA:69,27,0,3
BRDA:75,28,0,1
BRDA:84,29,0,2
BRDA:85,30,0,1
BRDA:89,31,0,2
BRDA:90,32,0,1
BRDA:95,33,0,4
BRDA:96,34,0,1
BRDA:96,35,0,3
BRDA:98,36,0,6
BRDA:99,37,0,4
BRDA:99,38,0,2
BRDA:103,39,0,3
BRDA:102,40,0,2
BRDA:107,41,0,6
BRDA:109,42,0,5
BRDA:110,43,0,1
BRF:44
BRH:40
end_of_record
TN:
SF:src/storage/LocalStorageStorage.ts
FN:10,read
FN:19,write
FN:32,listWalks
FN:37,getWalk
FN:42,saveWalk
FN:48,deleteWalk
FN:57,saveSubmission
FN:65,getLeaderboard
FNF:8
FNH:8
FNDA:61,read
FNDA:32,write
FNDA:10,listWalks
FNDA:16,getWalk
FNDA:25,saveWalk
FNDA:1,deleteWalk
FNDA:5,saveSubmission
FNDA:3,getLeaderboard
DA:4,1
DA:5,1
DA:10,61
DA:11,61
DA:12,61
DA:13,61
DA:14,61
DA:15,0
DA:16,0
DA:17,61
DA:19,32
DA:20,32
DA:21,32
DA:31,1
DA:32,1
DA:33,10
DA:34,10
DA:35,10
DA:37,1
DA:38,16
DA:39,16
DA:40,16
DA:42,1
DA:43,25
DA:44,25
DA:45,25
DA:46,25
DA:48,1
DA:49,1
DA:50,1
DA:51,1
DA:52,1
DA:53,1
DA:54,1
DA:55,1
DA:57,1
DA:58,5
DA:59,5
DA:60,5
DA:61,5
DA:62,5
DA:63,5
DA:65,1
DA:66,3
DA:67,3
DA:68,3
DA:69,3
DA:70,3
DA:71,1
LF:49
LH:47
BRDA:10,0,0,61
BRDA:13,1,0,36
BRDA:13,2,0,25
BRDA:14,3,0,0
BRDA:19,4,0,32
BRDA:32,5,0,10
BRDA:34,6,0,4
BRDA:37,7,0,16
BRDA:39,8,0,5
BRDA:42,9,0,25
BRDA:48,10,0,1
BRDA:57,11,0,5
BRDA:59,12,0,3
BRDA:65,13,0,3
BRDA:67,14,0,1
BRDA:68,15,0,2
BRDA:68,16,0,1
BRDA:69,17,0,4
BRF:18
BRH:17
end_of_record
TN:
SF:src/storage/Storage.ts
FN:1,(empty-report)
FNF:1
FNH:1
FNDA:1,(empty-report)
LF:0
LH:0
BRDA:1,0,0,1
BRF:1
BRH:1
end_of_record
TN:
SF:src/storage/index.ts
FN:1,(empty-report)
FNF:1
FNH:0
FNDA:0,(empty-report)
DA:1,0
DA:13,0
DA:14,0
DA:15,0
LF:4
LH:0
BRDA:1,0,0,0
BRF:1
BRH:0
end_of_record
TN:
SF:src/storage/progress.ts
FN:8,key
FN:10,loadProgress
FN:19,saveProgress
FN:26,clearProgress
FNF:4
FNH:4
FNDA:43,key
FNDA:14,loadProgress
FNDA:25,saveProgress
FNDA:4,clearProgress
DA:8,1
DA:10,1
DA:11,14
DA:12,14
DA:13,14
DA:14,14
DA:15,0
DA:16,0
DA:17,14
DA:19,1
DA:20,25
DA:21,25
DA:22,25
DA:23,25
DA:24,25
DA:26,1
DA:27,4
DA:28,4
LF:18
LH:16
BRDA:8,0,0,43
BRDA:10,1,0,14
BRDA:13,2,0,3
BRDA:13,3,0,11
BRDA:14,4,0,0
BRDA:19,5,0,25
BRDA:26,6,0,4
BRF:7
BRH:6
end_of_record
